PLUS 1 1 1 =+
LINE_TERMINATOR 1 2 1 =\n
MINUS 2 1 1 =-
LINE_TERMINATOR 2 2 1 =\n
MTIMES 3 1 1 =*
LINE_TERMINATOR 3 2 1 =\n
ETIMES 4 1 2 =.*
LINE_TERMINATOR 4 3 1 =\n
MDIV 5 1 1 =/
LINE_TERMINATOR 5 2 1 =\n
EDIV 6 1 2 =./
LINE_TERMINATOR 6 3 1 =\n
MLDIV 7 1 1 =\
LINE_TERMINATOR 7 2 1 =\n
ELDIV 8 1 2 =.\
LINE_TERMINATOR 8 3 1 =\n
MPOW 9 1 1 =^
LINE_TERMINATOR 9 2 1 =\n
EPOW 10 1 2 =.^
LINE_TERMINATOR 10 3 1 =\n
ARRAYTRANSPOSE 11 1 2 =.'
LINE_TERMINATOR 11 3 1 =\n
LE 12 1 2 =<=
LINE_TERMINATOR 12 3 1 =\n
GE 13 1 2 =>=
LINE_TERMINATOR 13 3 1 =\n
LT 14 1 1 =<
LINE_TERMINATOR 14 2 1 =\n
GT 15 1 1 =>
LINE_TERMINATOR 15 2 1 =\n
EQ 16 1 2 ===
LINE_TERMINATOR 16 3 1 =\n
NE 17 1 2 =~=
LINE_TERMINATOR 17 3 1 =\n
AND 18 1 1 =&
LINE_TERMINATOR 18 2 1 =\n
OR 19 1 1 =|
LINE_TERMINATOR 19 2 1 =\n
NOT 20 1 1 =~
LINE_TERMINATOR 20 2 1 =\n
SHORTAND 21 1 2 =&&
LINE_TERMINATOR 21 3 1 =\n
SHORTOR 22 1 2 =||
LINE_TERMINATOR 22 3 1 =\n
ASSIGN 23 1 1 ==
