>>>> Destination Language -> Source Language
[1, 1] -> (1, 1)
[1, 2] -> (1, 2)
[1, 3] -> (1, 3)
[1, 4] -> (1, 5)
[1, 5] -> (1, 5)
[1, 6] -> (1, 5)
[1, 7] -> (1, 6)
[1, 8] -> (1, 7)
[1, 9] -> (1, 7)
[1, 10] -> (1, 8)
[1, 11] -> (1, 9)
[1, 12] -> (1, 9)
[1, 13] -> (1, 9)
[1, 14] -> (1, 10)
[2, 1] -> (2, 1)
[2, 2] -> (2, 2)
[2, 3] -> (2, 3)
[2, 4] -> (2, 5)
[2, 5] -> (2, 5)
[2, 6] -> (2, 5)
[2, 7] -> (2, 7)
[2, 8] -> (2, 9)
[2, 9] -> (2, 10)
[2, 10] -> (2, 11)
[2, 11] -> (2, 11)
[2, 12] -> (2, 11)
[2, 13] -> (2, 11)
[2, 14] -> (2, 12)
[3, 1] -> (3, 1)
[3, 2] -> (3, 2)
[3, 3] -> (3, 3)
[3, 4] -> (3, 5)
[3, 5] -> (3, 5)
[3, 6] -> (3, 5)
[3, 7] -> (3, 7)
[3, 8] -> (3, 9)
[3, 9] -> (3, 10)
[3, 10] -> (3, 10)
[3, 11] -> (3, 10)
[3, 12] -> (3, 11)
[4, 1] -> (4, 1)
[4, 2] -> (4, 2)
[4, 3] -> (4, 3)
[4, 4] -> (4, 5)
[4, 5] -> (4, 5)
[4, 6] -> (4, 5)
[4, 7] -> (4, 7)
[4, 8] -> (4, 9)
[4, 9] -> (4, 10)
[4, 10] -> (4, 11)
[4, 11] -> (4, 11)
[4, 12] -> (4, 11)
[4, 13] -> (4, 11)
[4, 14] -> (4, 12)
[5, 1] -> (5, 1)
[5, 2] -> (5, 2)
[5, 3] -> (5, 3)
[5, 4] -> (5, 5)
[5, 5] -> (5, 5)
[5, 6] -> (5, 6)
[5, 7] -> (5, 7)
[5, 8] -> (5, 7)
[5, 9] -> (5, 8)
[6, 1] -> (6, 1)
[6, 2] -> (6, 2)
[6, 3] -> (6, 3)
[6, 4] -> (6, 5)
[6, 5] -> (6, 5)
[6, 6] -> (6, 6)
[6, 7] -> (6, 7)
[6, 8] -> (6, 7)
[6, 9] -> (6, 8)
[7, 1] -> (7, 1)
[7, 2] -> (7, 2)
[7, 3] -> (7, 3)
[7, 4] -> (7, 5)
[7, 5] -> (7, 5)
[7, 6] -> (7, 5)
[7, 7] -> (7, 6)
[7, 8] -> (7, 7)
[7, 9] -> (7, 7)
[7, 10] -> (7, 7)
[7, 11] -> (7, 8)
[8, 1] -> (8, 1)
[8, 2] -> (8, 2)
[8, 3] -> (8, 3)
[8, 4] -> (8, 5)
[8, 5] -> (8, 5)
[8, 6] -> (8, 5)
[8, 7] -> (8, 6)
[8, 8] -> (8, 7)
[8, 9] -> (8, 7)
[8, 10] -> (8, 7)
[8, 11] -> (8, 8)
[9, 1] -> (9, 1)
[9, 2] -> (9, 2)
[9, 3] -> (9, 3)
[9, 4] -> (9, 5)
[9, 5] -> (9, 5)
[9, 6] -> (9, 6)
[9, 7] -> (9, 7)
[9, 8] -> (9, 8)
[9, 9] -> (9, 9)
[9, 10] -> (9, 10)
[9, 11] -> (9, 11)
[9, 12] -> (9, 11)
[9, 13] -> (9, 12)
[10, 1] -> (10, 1)
[10, 2] -> (10, 2)
[10, 3] -> (10, 3)
[10, 4] -> (10, 5)
[10, 5] -> (10, 5)
[10, 6] -> (10, 5)
[10, 7] -> (10, 6)
[10, 8] -> (10, 7)
[10, 9] -> (10, 7)
[10, 10] -> (10, 8)
[10, 11] -> (10, 9)
[10, 12] -> (10, 9)
[10, 13] -> (10, 9)
[10, 14] -> (10, 10)
[11, 1] -> (11, 1)
[11, 2] -> (11, 2)
[11, 3] -> (11, 3)
[11, 4] -> (11, 5)
[11, 5] -> (11, 5)
[11, 6] -> (11, 5)
[11, 7] -> (11, 6)
[11, 8] -> (11, 7)
[11, 9] -> (11, 8)
[11, 10] -> (11, 8)
[11, 11] -> (11, 9)
[11, 12] -> (11, 10)
[11, 13] -> (11, 10)
[11, 14] -> (11, 11)
[11, 15] -> (11, 12)
[11, 16] -> (11, 12)
[11, 17] -> (11, 13)
[11, 18] -> (11, 14)
[11, 19] -> (11, 14)
[11, 20] -> (11, 15)
[11, 21] -> (11, 15)
[11, 22] -> (11, 16)
[11, 23] -> (11, 16)
[11, 24] -> (11, 16)
[11, 25] -> (11, 16)
[11, 26] -> (11, 17)
[12, 1] -> (12, 1)
[12, 2] -> (12, 2)
[12, 3] -> (12, 3)
[12, 4] -> (12, 5)
[12, 5] -> (12, 5)
[12, 6] -> (12, 6)
[12, 7] -> (12, 7)
[12, 8] -> (12, 8)
[12, 9] -> (12, 9)
[12, 10] -> (12, 10)
[12, 11] -> (12, 11)
[12, 12] -> (12, 12)
[12, 13] -> (12, 13)
[12, 14] -> (12, 13)
[12, 15] -> (12, 14)
[13, 1] -> (13, 1)
[13, 2] -> (13, 2)
[13, 3] -> (13, 3)
[13, 4] -> (13, 5)
[13, 5] -> (13, 5)
[13, 6] -> (13, 5)
[13, 7] -> (13, 6)
[13, 8] -> (13, 7)
[13, 9] -> (13, 7)
[13, 10] -> (13, 7)
[13, 11] -> (13, 9)
[13, 12] -> (13, 9)
[13, 13] -> (13, 10)
[13, 14] -> (13, 11)
[13, 15] -> (13, 11)
[13, 16] -> (13, 11)
>>>> Translated Text
cmd('a{''}a')
cmd('a{}a''')
cmd('a{{a')
cmd('a{{a''')
cmd('(')
cmd(')')
cmd('{(}')
cmd('{)}')
cmd('a { a')
cmd('{ '' }')
cmd('{ a''a''a''a''''''')
cmd('{a} {b}')
cmd(']a{','{b]')