>>>> Destination Language -> Source Language
[1, 1] -> (1, 1)
[1, 2] -> (1, 2)
[1, 3] -> (1, 3)
[1, 4] -> (1, 4)
[1, 5] -> (1, 5)
[1, 6] -> (1, 6)
[1, 7] -> (1, 7)
[1, 8] -> (1, 8)
[1, 9] -> (1, 9)
[1, 10] -> (1, 9)
[1, 11] -> (1, 10)
[1, 12] -> (1, 11)
[1, 13] -> (1, 11)
[1, 14] -> (1, 12)
[1, 15] -> (1, 13)
[1, 16] -> (1, 14)
[1, 17] -> (1, 15)
[1, 18] -> (1, 15)
[1, 19] -> (1, 16)
[1, 20] -> (1, 17)
[1, 21] -> (1, 18)
[1, 22] -> (1, 19)
[1, 23] -> (1, 20)
[1, 24] -> (1, 21)
[2, 1] -> (2, 1)
[2, 2] -> (2, 2)
[2, 3] -> (2, 3)
[2, 4] -> (2, 4)
[2, 5] -> (2, 5)
[2, 6] -> (2, 6)
[2, 7] -> (2, 7)
[2, 8] -> (2, 8)
[2, 9] -> (2, 9)
[2, 10] -> (2, 9)
[2, 11] -> (2, 10)
[2, 12] -> (2, 11)
[2, 13] -> (2, 11)
[2, 14] -> (2, 12)
[2, 15] -> (2, 13)
[2, 16] -> (2, 14)
[2, 17] -> (2, 15)
[2, 18] -> (2, 15)
[2, 19] -> (2, 16)
[2, 20] -> (2, 17)
[2, 21] -> (2, 18)
[2, 22] -> (2, 19)
[2, 23] -> (2, 20)
>>>> Translated Text
[ [ [ ] ], 1, [ ], [1]]
{ { { } }, 1, { }, {1}}